12:01:06,809 DEBUG [Twiddle] args[0]=-s
12:01:06,812 DEBUG [Twiddle] args[1]=jnp://10.8.14.196:1099
12:01:06,812 DEBUG [Twiddle] args[2]=-u
12:01:06,812 DEBUG [Twiddle] args[3]=admin
12:01:06,812 DEBUG [Twiddle] args[4]=-p
12:01:06,812 DEBUG [Twiddle] args[5]=xxxx
12:01:06,812 DEBUG [Twiddle] args[6]=get
12:01:06,812 DEBUG [Twiddle] args[7]=jboss.system:type=Server
12:01:06,812 DEBUG [Twiddle] args[8]=VersionName
12:01:06,907 DEBUG [SecurityAssociation] Using ThreadLocal: false
12:01:06,915 DEBUG [Twiddle] Command name: get
12:01:06,921 DEBUG [Twiddle] Command arguments: jboss.system:type=Server,VersionName
12:01:06,921 DEBUG [Twiddle] command proto type properties: jar:file:/srv/jboss-eap-5.1.1/jboss-as/bin/twiddle.jar!/org/jboss/console/twiddle/commands.properties
12:01:06,954 DEBUG [Twiddle] Adding command 'jsr77'; proto: org.jboss.console.twiddle.command.JSR77Command@2911a3a4
12:01:06,956 DEBUG [Twiddle] Adding command 'xmbean'; proto: org.jboss.console.twiddle.command.XMBeanCommand@392d263f
12:01:06,958 DEBUG [Twiddle] Adding command 'info'; proto: org.jboss.console.twiddle.command.InfoCommand@7e5a9de6
12:01:06,959 DEBUG [Twiddle] Adding command 'get'; proto: org.jboss.console.twiddle.command.GetCommand@69f78ef1
12:01:06,961 DEBUG [Twiddle] Adding command 'invoke'; proto: org.jboss.console.twiddle.command.InvokeCommand@53ad085
12:01:06,962 DEBUG [Twiddle] Adding command 'create'; proto: org.jboss.console.twiddle.command.CreateCommand@5f7a8a02
12:01:06,964 DEBUG [Twiddle] Adding command 'setattrs'; proto: org.jboss.console.twiddle.command.SetAttrsCommand@2fdb7df8
12:01:06,965 DEBUG [Twiddle] Adding command 'unregister'; proto: org.jboss.console.twiddle.command.UnregisterCommand@1bc74f37
12:01:06,967 DEBUG [Twiddle] Adding command 'queryMethod'; proto: org.jboss.console.twiddle.command.QueryMethodCommand@7a3570b0
12:01:06,968 DEBUG [Twiddle] Adding command 'listDomains'; proto: org.jboss.console.twiddle.command.ListDomainsCommand@6b0a2d64
12:01:06,969 DEBUG [Twiddle] Adding command 'query'; proto: org.jboss.console.twiddle.command.QueryCommand@5289cf1e
12:01:06,970 DEBUG [Twiddle] Adding command 'set'; proto: org.jboss.console.twiddle.command.SetCommand@7a982589
12:01:06,978 DEBUG [Twiddle] Adding command 'serverinfo'; proto: org.jboss.console.twiddle.command.ServerInfoCommand@6262937c
12:01:06,980 DEBUG [GetCommand] processing arguments: jboss.system:type=Server,VersionName
12:01:06,985 DEBUG [GetCommand] mbean name: jboss.system:type=Server
12:01:06,985 DEBUG [GetCommand] adding attribute name: VersionName
12:01:06,985 DEBUG [GetCommand] attribute names: [VersionName]
12:01:07,296 DEBUG [TimedSocketFactory] createSocket, hostAddr: /10.8.14.196, port: 1099, localAddr: null, localPort: 0, timeout: 0
